Build started 11.03.2019 17:25:31.
     1>Project "C:\Users\petro\Documents\Visual Studio 2013\Projects\4 SEMESTR\Inheritance(STL)\Inheritance(STL)\Inheritance(STL).vcxproj" on node 2 (Build target(s)).
     1>ClCompile:
         D:\Visual studio 2013\VC\bin\CL.exe /c /ZI /nologo /W3 /WX- /sdl /Od /Oy- /D WIN32 /D _DEBUG /D _CONSOLE /D _LIB /D _UNICODE /D UNICODE /Gm /EHsc /RTC1 /MDd /GS /fp:precise /Zc:wchar_t /Zc:forScope /Yu"stdafx.h" /Fp"Debug\Inheritance(STL).pch" /Fo"Debug\\" /Fd"Debug\vc120.pdb" /Gd /TP /analyze- /errorReport:prompt fun.cpp main.cpp
         fun.cpp
     1>c:\users\petro\documents\visual studio 2013\projects\4 semestr\inheritance(stl)\inheritance(stl)\header.h(26): warning C4018: '<' : signed/unsigned mismatch
     1>c:\users\petro\documents\visual studio 2013\projects\4 semestr\inheritance(stl)\inheritance(stl)\header.h(35): warning C4018: '<' : signed/unsigned mismatch
     1>c:\users\petro\documents\visual studio 2013\projects\4 semestr\inheritance(stl)\inheritance(stl)\fun.cpp(72): warning C4018: '<' : signed/unsigned mismatch
     1>c:\users\petro\documents\visual studio 2013\projects\4 semestr\inheritance(stl)\inheritance(stl)\fun.cpp(85): warning C4018: '<' : signed/unsigned mismatch
         Generating Code...
         Compiling...
         main.cpp
     1>c:\users\petro\documents\visual studio 2013\projects\4 semestr\inheritance(stl)\inheritance(stl)\header.h(26): warning C4018: '<' : signed/unsigned mismatch
     1>c:\users\petro\documents\visual studio 2013\projects\4 semestr\inheritance(stl)\inheritance(stl)\header.h(35): warning C4018: '<' : signed/unsigned mismatch
         Generating Code...
       Link:
         D:\Visual studio 2013\VC\bin\link.exe /ERRORREPORT:PROMPT /OUT:"C:\Users\petro\Documents\Visual Studio 2013\Projects\4 SEMESTR\Inheritance(STL)\Debug\Inheritance(STL).exe" /INCREMENTAL /NOLOGO kernel32.lib user32.lib gdi32.lib winspool.lib comdlg32.lib advapi32.lib shell32.lib ole32.lib oleaut32.lib uuid.lib odbc32.lib odbccp32.lib /MANIFEST /MANIFESTUAC:"level='asInvoker' uiAccess='false'" /manifest:embed /DEBUG /PDB:"C:\Users\petro\Documents\Visual Studio 2013\Projects\4 SEMESTR\Inheritance(STL)\Debug\Inheritance(STL).pdb" /SUBSYSTEM:CONSOLE /TLBID:1 /DYNAMICBASE /NXCOMPAT /IMPLIB:"C:\Users\petro\Documents\Visual Studio 2013\Projects\4 SEMESTR\Inheritance(STL)\Debug\Inheritance(STL).lib" /MACHINE:X86 Debug\fun.obj
         Debug\main.obj
         Debug\stdafx.obj
         Inheritance(STL).vcxproj -> C:\Users\petro\Documents\Visual Studio 2013\Projects\4 SEMESTR\Inheritance(STL)\Debug\Inheritance(STL).exe
     1>Done Building Project "C:\Users\petro\Documents\Visual Studio 2013\Projects\4 SEMESTR\Inheritance(STL)\Inheritance(STL)\Inheritance(STL).vcxproj" (Build target(s)).

Build succeeded.

Time Elapsed 00:00:01.51
